<?xml version="1.0" encoding="UTF-8"?>
<!-- Generated by org.testng.reporters.JUnitReportReporter -->
<testsuite hostname="Renuka-PC" name="test.NewTest2" tests="1" failures="0" timestamp="26 Jan 2016 22:45:59 GMT" time="0.239" errors="0">
  <testcase name="f" time="0.239" classname="test.NewTest2"/>
</testsuite> <!-- test.NewTest2 -->
